2025-08-22 19:16:50,305 INFO werkzeug [31m[1mWARNING: This is a development server. Do not use it in a production deployment. Use a production WSGI server instead.[0m
 * Running on all addresses (0.0.0.0)
 * Running on http://127.0.0.1:5000
 * Running on http://10.223.115.250:5000
2025-08-22 19:16:50,306 INFO werkzeug [33mPress CTRL+C to quit[0m
2025-08-22 19:16:50,418 INFO werkzeug  * Restarting with stat
2025-08-22 19:17:02,955 WARNING werkzeug  * Debugger is active!
2025-08-22 19:17:02,961 INFO werkzeug  * Debugger PIN: 602-745-990
2025-08-22 19:21:28,476 INFO werkzeug  * Detected change in 'C:\\KUNI_2thecore_data_analysis\\app.py', reloading
2025-08-22 19:21:29,021 INFO werkzeug  * Restarting with stat
2025-08-22 19:21:33,313 WARNING werkzeug  * Debugger is active!
2025-08-22 19:21:33,320 INFO werkzeug  * Debugger PIN: 602-745-990
2025-08-22 19:21:38,635 INFO werkzeug  * Detected change in 'C:\\KUNI_2thecore_data_analysis\\app.py', reloading
2025-08-22 19:21:39,342 INFO werkzeug  * Restarting with stat
2025-08-22 19:21:51,212 WARNING werkzeug  * Debugger is active!
2025-08-22 19:21:51,240 INFO werkzeug  * Debugger PIN: 602-745-990
2025-08-22 19:42:03,647 INFO werkzeug  * Detected change in 'C:\\KUNI_2thecore_data_analysis\\app.py', reloading
2025-08-22 19:42:04,372 INFO werkzeug  * Restarting with stat
2025-08-22 19:42:09,406 WARNING werkzeug  * Debugger is active!
2025-08-22 19:42:09,411 INFO werkzeug  * Debugger PIN: 602-745-990
